  Main.cpp
  CxbSolves.cpp
  CxbSolveMvc.cpp
  CxbRw.cpp
  CxbResult.cpp
  CxbProfile.cpp
  CxbOrder.cpp
  CxbHvdcGrid.cpp
  CxbDevXf_C.cpp
  CxbDevTwoDot.cpp
  CxbDevShunt.cpp
  CxbDevPulse_C.cpp
  CxbDevPbDkq.cpp
  CxbDevOneDot.cpp
  CxbDevMetalLine.cpp
  CxbDevGroundLine.cpp
  CxbDevGround.cpp
  CxbDevDcLine.cpp
  CxbDevDCF.cpp
  CxbDevCouple_C.cpp
  正在生成代码...
  正在编译...
  CxbDevBranch.cpp
  CxbDevBase.cpp
  CxbDev3pVSrc.cpp
  CxbCalXf_C.cpp
  CxbCalTwoDot.cpp
  CxbCalShunt.cpp
  CxbCalPulse_C.cpp
  CxbCalPbDkq.cpp
  CxbCalOneDot.cpp
  CxbCalMetalLine.cpp
  CxbCalGroundLine.cpp
  CxbCalGround.cpp
  CxbCalDcLine.cpp
  CxbCalDcF.cpp
  CxbCalculate.cpp
  CxbCalCouple_C.cpp
  CxbCalBranch.cpp
  CxbCal3pVSrc.cpp
  CRand.cpp
d:\01-myworks\develop\cpp\yaobase\baseapp\crand.cpp(3): warning C4244: “参数”: 从“time_t”转换到“unsigned int”，可能丢失数据
  CPowerSolves.cpp
  正在生成代码...
  正在编译...
  CPowerSolveMvc.cpp
  CPowerProfile.cpp
  CPowerMath.cpp
  CPowerGrid.cpp
  CPowerCalculate.cpp
  CObjTBLBase.cpp
  CObjBase.cpp
  CMyVars.cpp
  CMyRwAdo.cpp
d:\01-myworks\develop\cpp\yaobase\baseapp\cmyrwado.cpp(27): warning C4800: “VARIANT_BOOL”: 将值强制为布尔值“true”或“false”(性能警告)
  CMyRw.cpp
  CMyParams.cpp
  CMyMvcs.cpp
  CMyInitApp.cpp
  CMyFunc.cpp
  CmcSolves.cpp
  CmcSolveMvc.cpp
  CHvdcVars.cpp
  CmcProfile.cpp
d:\01-myworks\develop\cpp\yaobase\baseapp\cmcprofile.cpp(595): warning C4244: “参数”: 从“time_t”转换到“unsigned int”，可能丢失数据
d:\01-myworks\develop\cpp\yaobase\baseapp\cmcprofile.cpp(605): warning C4244: “参数”: 从“time_t”转换到“unsigned int”，可能丢失数据
  CmcCalXf2.cpp
d:\01-myworks\develop\cpp\yaobase\baseapp\cmccalxf2.cpp(73): warning C4244: “参数”: 从“double”转换到“int”，可能丢失数据
  CmcCalTwoDot.cpp
  正在生成代码...
  正在编译...
  CmcCalOneDot.cpp
  CmcCalMetalLine.cpp
  CmcCalGroundLine.cpp
  CmcCalGround.cpp
  CmcCalDcLine.cpp
  CmcCalculate.cpp
  CmcCalConvertor.cpp
  CmcCalAcSys.cpp
  CmcCalAcFilter.cpp
  CmcRw.cpp
  CmcResult.cpp
  CmcOrder.cpp
d:\01-myworks\develop\cpp\yaobase\baseapp\cmcorder.cpp(101): warning C4244: “=”: 从“double”转换到“int”，可能丢失数据
  CmcHvdcGrid.cpp
  CmcDevXf2.cpp
  CmcDevTwoDot.cpp
  CmcDevShunt.cpp
  CmcDevOneDot.cpp
  CmcDevMetalLine.cpp
  CmcDevGroundLine.cpp
  CmcDevGround.cpp
  正在生成代码...
  正在编译...
  CmcDevDcLine.cpp
  CmcDevConvertor.cpp
  CmcDevBranch.cpp
  CmcDevBase.cpp
  CmcDevAcSys.cpp
  CmcDevAcFilter.cpp
  CMatrix.cpp
d:\01-myworks\develop\cpp\yaobase\baseapp\cmatrix.cpp(68): warning C4267: “=”: 从“size_t”转换到“int”，可能丢失数据
d:\01-myworks\develop\cpp\yaobase\baseapp\cmatrix.cpp(69): warning C4267: “=”: 从“size_t”转换到“int”，可能丢失数据
d:\01-myworks\develop\cpp\yaobase\baseapp\cmatrix.cpp(93): warning C4267: “=”: 从“size_t”转换到“int”，可能丢失数据
d:\01-myworks\develop\cpp\yaobase\baseapp\cmatrix.cpp(99): warning C4267: “=”: 从“size_t”转换到“int”，可能丢失数据
d:\01-myworks\develop\cpp\yaobase\baseapp\cmatrix.cpp(397): warning C4018: “<”: 有符号/无符号不匹配
d:\01-myworks\develop\cpp\yaobase\baseapp\cmatrix.cpp(405): warning C4018: “<”: 有符号/无符号不匹配
d:\01-myworks\develop\cpp\yaobase\baseapp\cmatrix.cpp(429): warning C4018: “<”: 有符号/无符号不匹配
d:\01-myworks\develop\cpp\yaobase\baseapp\cmatrix.cpp(445): warning C4018: “<”: 有符号/无符号不匹配
d:\01-myworks\develop\cpp\yaobase\baseapp\cmatrix.cpp(448): warning C4018: “<”: 有符号/无符号不匹配
d:\01-myworks\develop\cpp\yaobase\baseapp\cmatrix.cpp(458): warning C4018: “<”: 有符号/无符号不匹配
d:\01-myworks\develop\cpp\yaobase\baseapp\cmatrix.cpp(459): warning C4018: “<”: 有符号/无符号不匹配
d:\01-myworks\develop\cpp\yaobase\baseapp\cmatrix.cpp(466): warning C4018: “<”: 有符号/无符号不匹配
d:\01-myworks\develop\cpp\yaobase\baseapp\cmatrix.cpp(469): warning C4018: “<”: 有符号/无符号不匹配
  CMath_NL.cpp
  CMath.cpp
  CHvdcParams.cpp
  CHvdcMvcs.cpp
  CHvdcInitApp.cpp
  CHvdcFunc.cpp
  CHvdcDefs.cpp
  CDeviceTBL.cpp
  CDeviceBase.cpp
  CComplex.cpp
  正在生成代码...
  BaseApp.vcxproj -> D:\01-MyWorks\Develop\CPP\YaoBase\x64\Debug\BaseApp.exe
  BaseApp.vcxproj -> D:\01-MyWorks\Develop\CPP\YaoBase\x64\Debug\BaseApp.pdb (Partial PDB)
